<?xml version="1.0" encoding="UTF-8"?>
<!-- Generated by org.testng.reporters.JUnitXMLReporter -->
<testsuite ignored="0" hostname="DESKTOP-9HB5M8C" failures="0" tests="36" name="Default test" time="122.169" errors="0" timestamp="09 Dec 2021 05:28:39 GMT">
  <testcase classname="com.sita.testcases.Deligation_of_amenities_for_each_BO" name="loginApp" time="1.828"/>
  <testcase classname="com.sita.testcases.Deligation_of_amenities_for_each_BO" name="navigate_to_homepage_click_on_ArrowButton1" time="11.616"/>
  <testcase classname="com.sita.testcases.Deligation_of_amenities_for_each_BO" name="ConfirmButton" time="2.653"/>
  <testcase classname="com.sita.testcases.Deligation_of_amenities_for_each_BO" name="AssignFHE" time="3.931"/>
  <testcase classname="com.sita.testcases.Deligation_of_amenities_for_each_BO" name="Click_on_BackButton" time="0.698"/>
  <testcase classname="com.sita.testcases.Deligation_of_amenities_for_each_BO" name="Logout_Superviser" time="3.569"/>
  <testcase classname="com.sita.testcases.Deligation_of_amenities_for_each_BO" name="loginFHE" time="1.061"/>
  <testcase classname="com.sita.testcases.Deligation_of_amenities_for_each_BO" name="ArrowButtonofFHE" time="6.34"/>
  <testcase classname="com.sita.testcases.Deligation_of_amenities_for_each_BO" name="BookingCentre" time="2.159"/>
  <testcase classname="com.sita.testcases.Deligation_of_amenities_for_each_BO" name="Amenities" time="0.803"/>
  <testcase classname="com.sita.testcases.Deligation_of_amenities_for_each_BO" name="Amenities_List" time="1.622"/>
  <testcase classname="com.sita.testcases.Deligation_of_amenities_for_each_BO" name="Deligation" time="1.078"/>
  <testcase classname="com.sita.testcases.Deligation_of_amenities_for_each_BO" name="Select_Amenities_save_and_confirm" time="7.29"/>
  <testcase classname="com.sita.testcases.Deligation_of_amenities_for_each_BO" name="Click_on_BackButton1" time="2.64"/>
  <testcase classname="com.sita.testcases.Deligation_of_amenities_for_each_BO" name="Logout_FHE" time="2.696"/>
  <testcase classname="com.sita.testcases.Deligation_of_amenities_for_each_BO" name="login_as_Z_Mumbai" time="1.452"/>
  <testcase classname="com.sita.testcases.Deligation_of_amenities_for_each_BO" name="click_Arrow_Button_BO_go_to_amenities_tab_lock_file1" time="8.385"/>
  <testcase classname="com.sita.testcases.Deligation_of_amenities_for_each_BO" name="lock_file" time="1.707"/>
  <testcase classname="com.sita.testcases.Deligation_of_amenities_for_each_BO" name="click_on_accecpt_all1" time="2.543"/>
  <testcase classname="com.sita.testcases.Deligation_of_amenities_for_each_BO" name="click_on_accecpt_popup1" time="0.574"/>
  <testcase classname="com.sita.testcases.Deligation_of_amenities_for_each_BO" name="Click_on_BackButton2" time="1.63"/>
  <testcase classname="com.sita.testcases.Deligation_of_amenities_for_each_BO" name="Logout_Z_Mumbai" time="3.736"/>
  <testcase classname="com.sita.testcases.Deligation_of_amenities_for_each_BO" name="login_as_Z_bhubneswar" time="1.559"/>
  <testcase classname="com.sita.testcases.Deligation_of_amenities_for_each_BO" name="click_Arrow_Button_BO_go_to_amenities_tab2" time="7.472"/>
  <testcase classname="com.sita.testcases.Deligation_of_amenities_for_each_BO" name="lock_file1" time="0.894"/>
  <testcase classname="com.sita.testcases.Deligation_of_amenities_for_each_BO" name="click_on_accecpt_all2" time="1.111"/>
  <testcase classname="com.sita.testcases.Deligation_of_amenities_for_each_BO" name="click_on_accecpt_popup2" time="0.388"/>
  <testcase classname="com.sita.testcases.Deligation_of_amenities_for_each_BO" name="Click_on_BackButton3" time="1.16"/>
  <testcase classname="com.sita.testcases.Deligation_of_amenities_for_each_BO" name="Logout_BO_Z_Bhubneswar" time="2.773"/>
  <testcase classname="com.sita.testcases.Deligation_of_amenities_for_each_BO" name="login_as_Z_Puri" time="1.074"/>
  <testcase classname="com.sita.testcases.Deligation_of_amenities_for_each_BO" name="click_Arrow_Button_BO_go_to_amenities_tab3" time="4.542"/>
  <testcase classname="com.sita.testcases.Deligation_of_amenities_for_each_BO" name="lock_file2" time="0.861"/>
  <testcase classname="com.sita.testcases.Deligation_of_amenities_for_each_BO" name="click_on_accecpt_all3" time="1.124"/>
  <testcase classname="com.sita.testcases.Deligation_of_amenities_for_each_BO" name="click_on_accecpt_popup3" time="0.416"/>
  <testcase classname="com.sita.testcases.Deligation_of_amenities_for_each_BO" name="Click_on_BackButton4" time="1.218"/>
  <testcase classname="com.sita.testcases.Deligation_of_amenities_for_each_BO" name="Logout_Z_Puri" time="2.874"/>
</testsuite> <!-- Default test -->
